<?xml version="1.0" encoding="UTF-8"?>
<testsuite xmlns:xsi="http://www.w3.org/2001/XMLSchema-instance" xsi:noNamespaceSchemaLocation="https://maven.apache.org/surefire/maven-surefire-plugin/xsd/surefire-test-report-3.0.xsd" version="3.0" name="com.openclassrooms.tourguide.TestPerformance" time="7.167" tests="2" errors="0" skipped="0" failures="0">
  <properties>
    <property name="java.specification.version" value="17"/>
    <property name="sun.jnu.encoding" value="UTF-8"/>
    <property name="java.class.path" value="/Users/ykeshtdar/DraftProjects/TourGuideP8/target/test-classes:/Users/ykeshtdar/DraftProjects/TourGuideP8/target/classes:/Users/ykeshtdar/.m2/repository/org/springframework/boot/spring-boot-starter-actuator/3.1.1/spring-boot-starter-actuator-3.1.1.jar:/Users/ykeshtdar/.m2/repository/org/springframework/boot/spring-boot-starter/3.1.1/spring-boot-starter-3.1.1.jar:/Users/ykeshtdar/.m2/repository/org/springframework/boot/spring-boot/3.1.1/spring-boot-3.1.1.jar:/Users/ykeshtdar/.m2/repository/org/springframework/boot/spring-boot-autoconfigure/3.1.1/spring-boot-autoconfigure-3.1.1.jar:/Users/ykeshtdar/.m2/repository/org/springframework/boot/spring-boot-starter-logging/3.1.1/spring-boot-starter-logging-3.1.1.jar:/Users/ykeshtdar/.m2/repository/ch/qos/logback/logback-classic/1.4.8/logback-classic-1.4.8.jar:/Users/ykeshtdar/.m2/repository/ch/qos/logback/logback-core/1.4.8/logback-core-1.4.8.jar:/Users/ykeshtdar/.m2/repository/org/apache/logging/log4j/log4j-to-slf4j/2.20.0/log4j-to-slf4j-2.20.0.jar:/Users/ykeshtdar/.m2/repository/org/apache/logging/log4j/log4j-api/2.20.0/log4j-api-2.20.0.jar:/Users/ykeshtdar/.m2/repository/org/slf4j/jul-to-slf4j/2.0.7/jul-to-slf4j-2.0.7.jar:/Users/ykeshtdar/.m2/repository/jakarta/annotation/jakarta.annotation-api/2.1.1/jakarta.annotation-api-2.1.1.jar:/Users/ykeshtdar/.m2/repository/org/yaml/snakeyaml/1.33/snakeyaml-1.33.jar:/Users/ykeshtdar/.m2/repository/org/springframework/boot/spring-boot-actuator-autoconfigure/3.1.1/spring-boot-actuator-autoconfigure-3.1.1.jar:/Users/ykeshtdar/.m2/repository/org/springframework/boot/spring-boot-actuator/3.1.1/spring-boot-actuator-3.1.1.jar:/Users/ykeshtdar/.m2/repository/com/fasterxml/jackson/core/jackson-databind/2.15.2/jackson-databind-2.15.2.jar:/Users/ykeshtdar/.m2/repository/com/fasterxml/jackson/core/jackson-annotations/2.15.2/jackson-annotations-2.15.2.jar:/Users/ykeshtdar/.m2/repository/com/fasterxml/jackson/core/jackson-core/2.15.2/jackson-core-2.15.2.jar:/Users/ykeshtdar/.m2/repository/com/fasterxml/jackson/datatype/jackson-datatype-jsr310/2.15.2/jackson-datatype-jsr310-2.15.2.jar:/Users/ykeshtdar/.m2/repository/io/micrometer/micrometer-observation/1.11.1/micrometer-observation-1.11.1.jar:/Users/ykeshtdar/.m2/repository/io/micrometer/micrometer-commons/1.11.1/micrometer-commons-1.11.1.jar:/Users/ykeshtdar/.m2/repository/io/micrometer/micrometer-core/1.11.1/micrometer-core-1.11.1.jar:/Users/ykeshtdar/.m2/repository/org/hdrhistogram/HdrHistogram/2.1.12/HdrHistogram-2.1.12.jar:/Users/ykeshtdar/.m2/repository/org/latencyutils/LatencyUtils/2.0.3/LatencyUtils-2.0.3.jar:/Users/ykeshtdar/.m2/repository/org/springframework/boot/spring-boot-starter-validation/3.1.1/spring-boot-starter-validation-3.1.1.jar:/Users/ykeshtdar/.m2/repository/org/apache/tomcat/embed/tomcat-embed-el/10.1.10/tomcat-embed-el-10.1.10.jar:/Users/ykeshtdar/.m2/repository/org/hibernate/validator/hibernate-validator/8.0.0.Final/hibernate-validator-8.0.0.Final.jar:/Users/ykeshtdar/.m2/repository/jakarta/validation/jakarta.validation-api/3.0.2/jakarta.validation-api-3.0.2.jar:/Users/ykeshtdar/.m2/repository/org/jboss/logging/jboss-logging/3.5.1.Final/jboss-logging-3.5.1.Final.jar:/Users/ykeshtdar/.m2/repository/com/fasterxml/classmate/1.5.1/classmate-1.5.1.jar:/Users/ykeshtdar/.m2/repository/org/springframework/boot/spring-boot-starter-web/3.1.1/spring-boot-starter-web-3.1.1.jar:/Users/ykeshtdar/.m2/repository/org/springframework/boot/spring-boot-starter-json/3.1.1/spring-boot-starter-json-3.1.1.jar:/Users/ykeshtdar/.m2/repository/com/fasterxml/jackson/datatype/jackson-datatype-jdk8/2.15.2/jackson-datatype-jdk8-2.15.2.jar:/Users/ykeshtdar/.m2/repository/com/fasterxml/jackson/module/jackson-module-parameter-names/2.15.2/jackson-module-parameter-names-2.15.2.jar:/Users/ykeshtdar/.m2/repository/org/springframework/boot/spring-boot-starter-tomcat/3.1.1/spring-boot-starter-tomcat-3.1.1.jar:/Users/ykeshtdar/.m2/repository/org/apache/tomcat/embed/tomcat-embed-core/10.1.10/tomcat-embed-core-10.1.10.jar:/Users/ykeshtdar/.m2/repository/org/apache/tomcat/embed/tomcat-embed-websocket/10.1.10/tomcat-embed-websocket-10.1.10.jar:/Users/ykeshtdar/.m2/repository/org/springframework/spring-web/6.0.10/spring-web-6.0.10.jar:/Users/ykeshtdar/.m2/repository/org/springframework/spring-beans/6.0.10/spring-beans-6.0.10.jar:/Users/ykeshtdar/.m2/repository/org/springframework/spring-webmvc/6.0.10/spring-webmvc-6.0.10.jar:/Users/ykeshtdar/.m2/repository/org/springframework/spring-aop/6.0.10/spring-aop-6.0.10.jar:/Users/ykeshtdar/.m2/repository/org/springframework/spring-context/6.0.10/spring-context-6.0.10.jar:/Users/ykeshtdar/.m2/repository/org/springframework/spring-expression/6.0.10/spring-expression-6.0.10.jar:/Users/ykeshtdar/.m2/repository/org/springframework/boot/spring-boot-starter-test/3.1.1/spring-boot-starter-test-3.1.1.jar:/Users/ykeshtdar/.m2/repository/org/springframework/boot/spring-boot-test/3.1.1/spring-boot-test-3.1.1.jar:/Users/ykeshtdar/.m2/repository/org/springframework/boot/spring-boot-test-autoconfigure/3.1.1/spring-boot-test-autoconfigure-3.1.1.jar:/Users/ykeshtdar/.m2/repository/com/jayway/jsonpath/json-path/2.8.0/json-path-2.8.0.jar:/Users/ykeshtdar/.m2/repository/org/slf4j/slf4j-api/2.0.7/slf4j-api-2.0.7.jar:/Users/ykeshtdar/.m2/repository/jakarta/xml/bind/jakarta.xml.bind-api/4.0.0/jakarta.xml.bind-api-4.0.0.jar:/Users/ykeshtdar/.m2/repository/jakarta/activation/jakarta.activation-api/2.1.2/jakarta.activation-api-2.1.2.jar:/Users/ykeshtdar/.m2/repository/net/minidev/json-smart/2.4.11/json-smart-2.4.11.jar:/Users/ykeshtdar/.m2/repository/net/minidev/accessors-smart/2.4.11/accessors-smart-2.4.11.jar:/Users/ykeshtdar/.m2/repository/org/ow2/asm/asm/9.3/asm-9.3.jar:/Users/ykeshtdar/.m2/repository/org/assertj/assertj-core/3.24.2/assertj-core-3.24.2.jar:/Users/ykeshtdar/.m2/repository/net/bytebuddy/byte-buddy/1.14.5/byte-buddy-1.14.5.jar:/Users/ykeshtdar/.m2/repository/org/hamcrest/hamcrest/2.2/hamcrest-2.2.jar:/Users/ykeshtdar/.m2/repository/org/junit/jupiter/junit-jupiter/5.9.3/junit-jupiter-5.9.3.jar:/Users/ykeshtdar/.m2/repository/org/junit/jupiter/junit-jupiter-params/5.9.3/junit-jupiter-params-5.9.3.jar:/Users/ykeshtdar/.m2/repository/org/junit/jupiter/junit-jupiter-engine/5.9.3/junit-jupiter-engine-5.9.3.jar:/Users/ykeshtdar/.m2/repository/org/junit/platform/junit-platform-engine/1.9.3/junit-platform-engine-1.9.3.jar:/Users/ykeshtdar/.m2/repository/org/mockito/mockito-core/5.3.1/mockito-core-5.3.1.jar:/Users/ykeshtdar/.m2/repository/net/bytebuddy/byte-buddy-agent/1.14.5/byte-buddy-agent-1.14.5.jar:/Users/ykeshtdar/.m2/repository/org/objenesis/objenesis/3.3/objenesis-3.3.jar:/Users/ykeshtdar/.m2/repository/org/mockito/mockito-junit-jupiter/5.3.1/mockito-junit-jupiter-5.3.1.jar:/Users/ykeshtdar/.m2/repository/org/skyscreamer/jsonassert/1.5.1/jsonassert-1.5.1.jar:/Users/ykeshtdar/.m2/repository/com/vaadin/external/google/android-json/0.0.20131108.vaadin1/android-json-0.0.20131108.vaadin1.jar:/Users/ykeshtdar/.m2/repository/org/springframework/spring-core/6.0.10/spring-core-6.0.10.jar:/Users/ykeshtdar/.m2/repository/org/springframework/spring-jcl/6.0.10/spring-jcl-6.0.10.jar:/Users/ykeshtdar/.m2/repository/org/springframework/spring-test/6.0.10/spring-test-6.0.10.jar:/Users/ykeshtdar/.m2/repository/org/xmlunit/xmlunit-core/2.9.1/xmlunit-core-2.9.1.jar:/Users/ykeshtdar/.m2/repository/org/apache/commons/commons-lang3/3.12.0/commons-lang3-3.12.0.jar:/Users/ykeshtdar/.m2/repository/org/junit/jupiter/junit-jupiter-api/5.9.3/junit-jupiter-api-5.9.3.jar:/Users/ykeshtdar/.m2/repository/org/opentest4j/opentest4j/1.2.0/opentest4j-1.2.0.jar:/Users/ykeshtdar/.m2/repository/org/junit/platform/junit-platform-commons/1.9.3/junit-platform-commons-1.9.3.jar:/Users/ykeshtdar/.m2/repository/org/apiguardian/apiguardian-api/1.1.2/apiguardian-api-1.1.2.jar:/Users/ykeshtdar/.m2/repository/org/projectlombok/lombok/1.18.34/lombok-1.18.34.jar:/Users/ykeshtdar/DraftProjects/TourGuideP8/libs/gpsUtil.jar:/Users/ykeshtdar/DraftProjects/TourGuideP8/libs/TripPricer.jar:/Users/ykeshtdar/DraftProjects/TourGuideP8/libs/RewardCentral.jar:"/>
    <property name="java.vm.vendor" value="Amazon.com Inc."/>
    <property name="sun.arch.data.model" value="64"/>
    <property name="java.vendor.url" value="https://aws.amazon.com/corretto/"/>
    <property name="user.timezone" value="Europe/Paris"/>
    <property name="org.jboss.logging.provider" value="slf4j"/>
    <property name="os.name" value="Mac OS X"/>
    <property name="java.vm.specification.version" value="17"/>
    <property name="sun.java.launcher" value="SUN_STANDARD"/>
    <property name="user.country" value="FR"/>
    <property name="sun.boot.library.path" value="/Users/ykeshtdar/Library/Java/JavaVirtualMachines/corretto-17.0.10/Contents/Home/lib"/>
    <property name="sun.java.command" value="/Users/ykeshtdar/DraftProjects/TourGuideP8/target/surefire/surefirebooter-20241004160301692_3.jar /Users/ykeshtdar/DraftProjects/TourGuideP8/target/surefire 2024-10-04T16-03-01_592-jvmRun1 surefire-20241004160301692_1tmp surefire_0-20241004160301692_2tmp"/>
    <property name="http.nonProxyHosts" value="local|*.local|169.254/16|*.169.254/16"/>
    <property name="jdk.debug" value="release"/>
    <property name="surefire.test.class.path" value="/Users/ykeshtdar/DraftProjects/TourGuideP8/target/test-classes:/Users/ykeshtdar/DraftProjects/TourGuideP8/target/classes:/Users/ykeshtdar/.m2/repository/org/springframework/boot/spring-boot-starter-actuator/3.1.1/spring-boot-starter-actuator-3.1.1.jar:/Users/ykeshtdar/.m2/repository/org/springframework/boot/spring-boot-starter/3.1.1/spring-boot-starter-3.1.1.jar:/Users/ykeshtdar/.m2/repository/org/springframework/boot/spring-boot/3.1.1/spring-boot-3.1.1.jar:/Users/ykeshtdar/.m2/repository/org/springframework/boot/spring-boot-autoconfigure/3.1.1/spring-boot-autoconfigure-3.1.1.jar:/Users/ykeshtdar/.m2/repository/org/springframework/boot/spring-boot-starter-logging/3.1.1/spring-boot-starter-logging-3.1.1.jar:/Users/ykeshtdar/.m2/repository/ch/qos/logback/logback-classic/1.4.8/logback-classic-1.4.8.jar:/Users/ykeshtdar/.m2/repository/ch/qos/logback/logback-core/1.4.8/logback-core-1.4.8.jar:/Users/ykeshtdar/.m2/repository/org/apache/logging/log4j/log4j-to-slf4j/2.20.0/log4j-to-slf4j-2.20.0.jar:/Users/ykeshtdar/.m2/repository/org/apache/logging/log4j/log4j-api/2.20.0/log4j-api-2.20.0.jar:/Users/ykeshtdar/.m2/repository/org/slf4j/jul-to-slf4j/2.0.7/jul-to-slf4j-2.0.7.jar:/Users/ykeshtdar/.m2/repository/jakarta/annotation/jakarta.annotation-api/2.1.1/jakarta.annotation-api-2.1.1.jar:/Users/ykeshtdar/.m2/repository/org/yaml/snakeyaml/1.33/snakeyaml-1.33.jar:/Users/ykeshtdar/.m2/repository/org/springframework/boot/spring-boot-actuator-autoconfigure/3.1.1/spring-boot-actuator-autoconfigure-3.1.1.jar:/Users/ykeshtdar/.m2/repository/org/springframework/boot/spring-boot-actuator/3.1.1/spring-boot-actuator-3.1.1.jar:/Users/ykeshtdar/.m2/repository/com/fasterxml/jackson/core/jackson-databind/2.15.2/jackson-databind-2.15.2.jar:/Users/ykeshtdar/.m2/repository/com/fasterxml/jackson/core/jackson-annotations/2.15.2/jackson-annotations-2.15.2.jar:/Users/ykeshtdar/.m2/repository/com/fasterxml/jackson/core/jackson-core/2.15.2/jackson-core-2.15.2.jar:/Users/ykeshtdar/.m2/repository/com/fasterxml/jackson/datatype/jackson-datatype-jsr310/2.15.2/jackson-datatype-jsr310-2.15.2.jar:/Users/ykeshtdar/.m2/repository/io/micrometer/micrometer-observation/1.11.1/micrometer-observation-1.11.1.jar:/Users/ykeshtdar/.m2/repository/io/micrometer/micrometer-commons/1.11.1/micrometer-commons-1.11.1.jar:/Users/ykeshtdar/.m2/repository/io/micrometer/micrometer-core/1.11.1/micrometer-core-1.11.1.jar:/Users/ykeshtdar/.m2/repository/org/hdrhistogram/HdrHistogram/2.1.12/HdrHistogram-2.1.12.jar:/Users/ykeshtdar/.m2/repository/org/latencyutils/LatencyUtils/2.0.3/LatencyUtils-2.0.3.jar:/Users/ykeshtdar/.m2/repository/org/springframework/boot/spring-boot-starter-validation/3.1.1/spring-boot-starter-validation-3.1.1.jar:/Users/ykeshtdar/.m2/repository/org/apache/tomcat/embed/tomcat-embed-el/10.1.10/tomcat-embed-el-10.1.10.jar:/Users/ykeshtdar/.m2/repository/org/hibernate/validator/hibernate-validator/8.0.0.Final/hibernate-validator-8.0.0.Final.jar:/Users/ykeshtdar/.m2/repository/jakarta/validation/jakarta.validation-api/3.0.2/jakarta.validation-api-3.0.2.jar:/Users/ykeshtdar/.m2/repository/org/jboss/logging/jboss-logging/3.5.1.Final/jboss-logging-3.5.1.Final.jar:/Users/ykeshtdar/.m2/repository/com/fasterxml/classmate/1.5.1/classmate-1.5.1.jar:/Users/ykeshtdar/.m2/repository/org/springframework/boot/spring-boot-starter-web/3.1.1/spring-boot-starter-web-3.1.1.jar:/Users/ykeshtdar/.m2/repository/org/springframework/boot/spring-boot-starter-json/3.1.1/spring-boot-starter-json-3.1.1.jar:/Users/ykeshtdar/.m2/repository/com/fasterxml/jackson/datatype/jackson-datatype-jdk8/2.15.2/jackson-datatype-jdk8-2.15.2.jar:/Users/ykeshtdar/.m2/repository/com/fasterxml/jackson/module/jackson-module-parameter-names/2.15.2/jackson-module-parameter-names-2.15.2.jar:/Users/ykeshtdar/.m2/repository/org/springframework/boot/spring-boot-starter-tomcat/3.1.1/spring-boot-starter-tomcat-3.1.1.jar:/Users/ykeshtdar/.m2/repository/org/apache/tomcat/embed/tomcat-embed-core/10.1.10/tomcat-embed-core-10.1.10.jar:/Users/ykeshtdar/.m2/repository/org/apache/tomcat/embed/tomcat-embed-websocket/10.1.10/tomcat-embed-websocket-10.1.10.jar:/Users/ykeshtdar/.m2/repository/org/springframework/spring-web/6.0.10/spring-web-6.0.10.jar:/Users/ykeshtdar/.m2/repository/org/springframework/spring-beans/6.0.10/spring-beans-6.0.10.jar:/Users/ykeshtdar/.m2/repository/org/springframework/spring-webmvc/6.0.10/spring-webmvc-6.0.10.jar:/Users/ykeshtdar/.m2/repository/org/springframework/spring-aop/6.0.10/spring-aop-6.0.10.jar:/Users/ykeshtdar/.m2/repository/org/springframework/spring-context/6.0.10/spring-context-6.0.10.jar:/Users/ykeshtdar/.m2/repository/org/springframework/spring-expression/6.0.10/spring-expression-6.0.10.jar:/Users/ykeshtdar/.m2/repository/org/springframework/boot/spring-boot-starter-test/3.1.1/spring-boot-starter-test-3.1.1.jar:/Users/ykeshtdar/.m2/repository/org/springframework/boot/spring-boot-test/3.1.1/spring-boot-test-3.1.1.jar:/Users/ykeshtdar/.m2/repository/org/springframework/boot/spring-boot-test-autoconfigure/3.1.1/spring-boot-test-autoconfigure-3.1.1.jar:/Users/ykeshtdar/.m2/repository/com/jayway/jsonpath/json-path/2.8.0/json-path-2.8.0.jar:/Users/ykeshtdar/.m2/repository/org/slf4j/slf4j-api/2.0.7/slf4j-api-2.0.7.jar:/Users/ykeshtdar/.m2/repository/jakarta/xml/bind/jakarta.xml.bind-api/4.0.0/jakarta.xml.bind-api-4.0.0.jar:/Users/ykeshtdar/.m2/repository/jakarta/activation/jakarta.activation-api/2.1.2/jakarta.activation-api-2.1.2.jar:/Users/ykeshtdar/.m2/repository/net/minidev/json-smart/2.4.11/json-smart-2.4.11.jar:/Users/ykeshtdar/.m2/repository/net/minidev/accessors-smart/2.4.11/accessors-smart-2.4.11.jar:/Users/ykeshtdar/.m2/repository/org/ow2/asm/asm/9.3/asm-9.3.jar:/Users/ykeshtdar/.m2/repository/org/assertj/assertj-core/3.24.2/assertj-core-3.24.2.jar:/Users/ykeshtdar/.m2/repository/net/bytebuddy/byte-buddy/1.14.5/byte-buddy-1.14.5.jar:/Users/ykeshtdar/.m2/repository/org/hamcrest/hamcrest/2.2/hamcrest-2.2.jar:/Users/ykeshtdar/.m2/repository/org/junit/jupiter/junit-jupiter/5.9.3/junit-jupiter-5.9.3.jar:/Users/ykeshtdar/.m2/repository/org/junit/jupiter/junit-jupiter-params/5.9.3/junit-jupiter-params-5.9.3.jar:/Users/ykeshtdar/.m2/repository/org/junit/jupiter/junit-jupiter-engine/5.9.3/junit-jupiter-engine-5.9.3.jar:/Users/ykeshtdar/.m2/repository/org/junit/platform/junit-platform-engine/1.9.3/junit-platform-engine-1.9.3.jar:/Users/ykeshtdar/.m2/repository/org/mockito/mockito-core/5.3.1/mockito-core-5.3.1.jar:/Users/ykeshtdar/.m2/repository/net/bytebuddy/byte-buddy-agent/1.14.5/byte-buddy-agent-1.14.5.jar:/Users/ykeshtdar/.m2/repository/org/objenesis/objenesis/3.3/objenesis-3.3.jar:/Users/ykeshtdar/.m2/repository/org/mockito/mockito-junit-jupiter/5.3.1/mockito-junit-jupiter-5.3.1.jar:/Users/ykeshtdar/.m2/repository/org/skyscreamer/jsonassert/1.5.1/jsonassert-1.5.1.jar:/Users/ykeshtdar/.m2/repository/com/vaadin/external/google/android-json/0.0.20131108.vaadin1/android-json-0.0.20131108.vaadin1.jar:/Users/ykeshtdar/.m2/repository/org/springframework/spring-core/6.0.10/spring-core-6.0.10.jar:/Users/ykeshtdar/.m2/repository/org/springframework/spring-jcl/6.0.10/spring-jcl-6.0.10.jar:/Users/ykeshtdar/.m2/repository/org/springframework/spring-test/6.0.10/spring-test-6.0.10.jar:/Users/ykeshtdar/.m2/repository/org/xmlunit/xmlunit-core/2.9.1/xmlunit-core-2.9.1.jar:/Users/ykeshtdar/.m2/repository/org/apache/commons/commons-lang3/3.12.0/commons-lang3-3.12.0.jar:/Users/ykeshtdar/.m2/repository/org/junit/jupiter/junit-jupiter-api/5.9.3/junit-jupiter-api-5.9.3.jar:/Users/ykeshtdar/.m2/repository/org/opentest4j/opentest4j/1.2.0/opentest4j-1.2.0.jar:/Users/ykeshtdar/.m2/repository/org/junit/platform/junit-platform-commons/1.9.3/junit-platform-commons-1.9.3.jar:/Users/ykeshtdar/.m2/repository/org/apiguardian/apiguardian-api/1.1.2/apiguardian-api-1.1.2.jar:/Users/ykeshtdar/.m2/repository/org/projectlombok/lombok/1.18.34/lombok-1.18.34.jar:/Users/ykeshtdar/DraftProjects/TourGuideP8/libs/gpsUtil.jar:/Users/ykeshtdar/DraftProjects/TourGuideP8/libs/TripPricer.jar:/Users/ykeshtdar/DraftProjects/TourGuideP8/libs/RewardCentral.jar:"/>
    <property name="sun.cpu.endian" value="little"/>
    <property name="user.home" value="/Users/ykeshtdar"/>
    <property name="user.language" value="en"/>
    <property name="java.specification.vendor" value="Oracle Corporation"/>
    <property name="java.version.date" value="2024-01-16"/>
    <property name="java.home" value="/Users/ykeshtdar/Library/Java/JavaVirtualMachines/corretto-17.0.10/Contents/Home"/>
    <property name="file.separator" value="/"/>
    <property name="basedir" value="/Users/ykeshtdar/DraftProjects/TourGuideP8"/>
    <property name="java.vm.compressedOopsMode" value="Zero based"/>
    <property name="line.separator" value="&#10;"/>
    <property name="java.vm.specification.vendor" value="Oracle Corporation"/>
    <property name="java.specification.name" value="Java Platform API Specification"/>
    <property name="FILE_LOG_CHARSET" value="UTF-8"/>
    <property name="java.awt.headless" value="true"/>
    <property name="surefire.real.class.path" value="/Users/ykeshtdar/DraftProjects/TourGuideP8/target/surefire/surefirebooter-20241004160301692_3.jar"/>
    <property name="sun.management.compiler" value="HotSpot 64-Bit Tiered Compilers"/>
    <property name="ftp.nonProxyHosts" value="local|*.local|169.254/16|*.169.254/16"/>
    <property name="java.runtime.version" value="17.0.10+7-LTS"/>
    <property name="user.name" value="ykeshtdar"/>
    <property name="path.separator" value=":"/>
    <property name="os.version" value="14.2.1"/>
    <property name="java.runtime.name" value="OpenJDK Runtime Environment"/>
    <property name="file.encoding" value="UTF-8"/>
    <property name="java.vm.name" value="OpenJDK 64-Bit Server VM"/>
    <property name="java.vendor.version" value="Corretto-17.0.10.7.1"/>
    <property name="localRepository" value="/Users/ykeshtdar/.m2/repository"/>
    <property name="java.vendor.url.bug" value="https://github.com/corretto/corretto-17/issues/"/>
    <property name="java.io.tmpdir" value="/var/folders/nl/50zkn80n5r1b31w0k6v331880000gn/T/"/>
    <property name="idea.version" value="2023.3.3"/>
    <property name="java.version" value="17.0.10"/>
    <property name="user.dir" value="/Users/ykeshtdar/DraftProjects/TourGuideP8"/>
    <property name="os.arch" value="aarch64"/>
    <property name="java.vm.specification.name" value="Java Virtual Machine Specification"/>
    <property name="PID" value="2565"/>
    <property name="CONSOLE_LOG_CHARSET" value="UTF-8"/>
    <property name="native.encoding" value="UTF-8"/>
    <property name="java.library.path" value="/Users/ykeshtdar/Library/Java/Extensions:/Library/Java/Extensions:/Network/Library/Java/Extensions:/System/Library/Java/Extensions:/usr/lib/java:."/>
    <property name="java.vm.info" value="mixed mode, sharing"/>
    <property name="java.vendor" value="Amazon.com Inc."/>
    <property name="java.vm.version" value="17.0.10+7-LTS"/>
    <property name="sun.io.unicode.encoding" value="UnicodeBig"/>
    <property name="socksNonProxyHosts" value="local|*.local|169.254/16|*.169.254/16"/>
    <property name="java.class.version" value="61.0"/>
  </properties>
  <testcase name="highVolumeTrackLocation" classname="com.openclassrooms.tourguide.TestPerformance" time="1.432">
    <system-out><![CDATA[2024-10-04T16:03:17.724+02:00  INFO 2565 --- [           main] c.o.tourguide.service.TourGuideService   : TestMode enabled
2024-10-04T16:03:17.725+02:00 DEBUG 2565 --- [           main] c.o.tourguide.service.TourGuideService   : Initializing users
2024-10-04T16:03:17.729+02:00 DEBUG 2565 --- [           main] c.o.tourguide.service.TourGuideService   : Created 100 internal test users.
2024-10-04T16:03:17.729+02:00 DEBUG 2565 --- [           main] c.o.tourguide.service.TourGuideService   : Finished initializing users
2024-10-04T16:03:17.729+02:00 DEBUG 2565 --- [ool-31-thread-1] c.o.tourguide.tracker.Tracker            : Begin Tracker. Tracking 100 users.
2024-10-04T16:03:17.732+02:00 DEBUG 2565 --- [ool-31-thread-1] c.o.tourguide.tracker.Tracker            : Tracker Time Elapsed: 0 seconds.
2024-10-04T16:03:17.732+02:00 DEBUG 2565 --- [ool-31-thread-1] c.o.tourguide.tracker.Tracker            : Tracker sleeping
highVolumeTrackLocation: Time Elapsed: 1 seconds.
]]></system-out>
  </testcase>
  <testcase name="highVolumeGetRewards" classname="com.openclassrooms.tourguide.TestPerformance" time="5.733">
    <system-out><![CDATA[2024-10-04T16:03:19.157+02:00  INFO 2565 --- [           main] c.o.tourguide.service.TourGuideService   : TestMode enabled
2024-10-04T16:03:19.157+02:00 DEBUG 2565 --- [           main] c.o.tourguide.service.TourGuideService   : Initializing users
2024-10-04T16:03:19.161+02:00 DEBUG 2565 --- [           main] c.o.tourguide.service.TourGuideService   : Created 100 internal test users.
2024-10-04T16:03:19.161+02:00 DEBUG 2565 --- [           main] c.o.tourguide.service.TourGuideService   : Finished initializing users
2024-10-04T16:03:19.164+02:00 DEBUG 2565 --- [ool-34-thread-1] c.o.tourguide.tracker.Tracker            : Begin Tracker. Tracking 100 users.
2024-10-04T16:03:19.166+02:00 DEBUG 2565 --- [ool-34-thread-1] c.o.tourguide.tracker.Tracker            : Tracker Time Elapsed: 0 seconds.
2024-10-04T16:03:19.166+02:00 DEBUG 2565 --- [ool-34-thread-1] c.o.tourguide.tracker.Tracker            : Tracker sleeping
highVolumeGetRewards: Time Elapsed: 5 seconds.
]]></system-out>
  </testcase>
</testsuite>